Starting the WebSocket server on port 6001...
Starting the WebSocket server on port 6001...
Starting the WebSocket server on port 6001...
New connection opened for app key websocketkey.
Connection id 919164241.396654860 sending message {"event":"pusher:connection_established","data":"{\"socket_id\":\"919164241.396654860\",\"activity_timeout\":30}"}
New connection opened for app key websocketkey.
Connection id 70946859.810960526 sending message {"event":"pusher:connection_established","data":"{\"socket_id\":\"70946859.810960526\",\"activity_timeout\":30}"}
Connection id 919164241.396654860 closed.
testapp: connection id 70946859.810960526 received message: {"event":"pusher:subscribe","data":{"auth":"websocketkey:7535e4094b7277ebbbf971ef5b60a144cf399274e71dc72ace8be08b4610e852","channel":"private-chat"}}.
Connection id 70946859.810960526 sending message {"event":"pusher_internal:subscription_succeeded","channel":"private-chat"}
Connection id 70946859.810960526 sending message {"channel":"private-chat","event":"ChatEvent","data":"[{\"id\":16,\"user_id\":2,\"channel_id\":1,\"message\":\"Hi\",\"full_name\":\"Crush\",\"created_at\":\"2022-06-05T02:44:13.000000Z\",\"updated_at\":\"2022-06-05T02:44:13.000000Z\"},{\"id\":17,\"user_id\":1,\"channel_id\":1,\"message\":\"Hell\",\"full_name\":\"Ho\\u00e0ng V\\u0103n\",\"created_at\":\"2022-06-05T02:44:18.000000Z\",\"updated_at\":\"2022-06-05T02:44:18.000000Z\"},{\"id\":18,\"user_id\":2,\"channel_id\":1,\"message\":\"hello world\",\"full_name\":\"Crush\",\"created_at\":\"2022-06-05T02:44:26.000000Z\",\"updated_at\":\"2022-06-05T02:44:26.000000Z\"},{\"id\":19,\"user_id\":1,\"channel_id\":1,\"message\":\"acx\",\"full_name\":\"Ho\\u00e0ng V\\u0103n\",\"created_at\":\"2022-06-05T04:38:31.000000Z\",\"updated_at\":\"2022-06-05T04:38:31.000000Z\"},{\"id\":20,\"user_id\":1,\"channel_id\":1,\"message\":\"avc\",\"full_name\":\"Ho\\u00e0ng V\\u0103n\",\"created_at\":\"2022-06-05T04:38:48.000000Z\",\"updated_at\":\"2022-06-05T04:38:48.000000Z\"},{\"id\":21,\"user_id\":1,\"channel_id\":1,\"message\":\"abc\",\"full_name\":\"Ho\\u00e0ng V\\u0103n\",\"created_at\":\"2022-06-06T13:11:27.000000Z\",\"updated_at\":\"2022-06-06T13:11:27.000000Z\"},{\"id\":22,\"user_id\":2,\"channel_id\":1,\"message\":\"abc\",\"full_name\":\"Crush\",\"created_at\":\"2022-06-10T13:36:58.000000Z\",\"updated_at\":\"2022-06-10T13:36:58.000000Z\"},{\"id\":23,\"user_id\":2,\"channel_id\":1,\"message\":\"abc\",\"full_name\":\"Crush\",\"created_at\":\"2022-06-10T13:37:32.000000Z\",\"updated_at\":\"2022-06-10T13:37:32.000000Z\"},{\"id\":24,\"user_id\":2,\"channel_id\":1,\"message\":\"ok\",\"full_name\":\"Crush\",\"created_at\":\"2022-06-10T13:38:05.000000Z\",\"updated_at\":\"2022-06-10T13:38:05.000000Z\"},{\"id\":25,\"user_id\":2,\"channel_id\":1,\"message\":\"cc\",\"full_name\":\"Crush\",\"created_at\":\"2022-06-10T13:38:10.000000Z\",\"updated_at\":\"2022-06-10T13:38:10.000000Z\"},{\"id\":26,\"user_id\":2,\"channel_id\":1,\"message\":\"abc\",\"full_name\":\"Crush\",\"created_at\":\"2022-06-10T13:41:33.000000Z\",\"updated_at\":\"2022-06-10T13:41:33.000000Z\"},{\"id\":27,\"user_id\":2,\"channel_id\":1,\"message\":\"a\",\"full_name\":\"Crush\",\"created_at\":\"2022-06-10T13:43:31.000000Z\",\"updated_at\":\"2022-06-10T13:43:31.000000Z\"},{\"id\":28,\"user_id\":2,\"channel_id\":1,\"message\":\"q\",\"full_name\":\"Crush\",\"created_at\":\"2022-06-11T03:09:53.000000Z\",\"updated_at\":\"2022-06-11T03:09:53.000000Z\"}]"}
Connection id 70946859.810960526 sending message {"channel":"private-chat","event":"ChatEvent","data":"[{\"id\":16,\"user_id\":2,\"channel_id\":1,\"message\":\"Hi\",\"full_name\":\"Crush\",\"created_at\":\"2022-06-05T02:44:13.000000Z\",\"updated_at\":\"2022-06-05T02:44:13.000000Z\"},{\"id\":17,\"user_id\":1,\"channel_id\":1,\"message\":\"Hell\",\"full_name\":\"Ho\\u00e0ng V\\u0103n\",\"created_at\":\"2022-06-05T02:44:18.000000Z\",\"updated_at\":\"2022-06-05T02:44:18.000000Z\"},{\"id\":18,\"user_id\":2,\"channel_id\":1,\"message\":\"hello world\",\"full_name\":\"Crush\",\"created_at\":\"2022-06-05T02:44:26.000000Z\",\"updated_at\":\"2022-06-05T02:44:26.000000Z\"},{\"id\":19,\"user_id\":1,\"channel_id\":1,\"message\":\"acx\",\"full_name\":\"Ho\\u00e0ng V\\u0103n\",\"created_at\":\"2022-06-05T04:38:31.000000Z\",\"updated_at\":\"2022-06-05T04:38:31.000000Z\"},{\"id\":20,\"user_id\":1,\"channel_id\":1,\"message\":\"avc\",\"full_name\":\"Ho\\u00e0ng V\\u0103n\",\"created_at\":\"2022-06-05T04:38:48.000000Z\",\"updated_at\":\"2022-06-05T04:38:48.000000Z\"},{\"id\":21,\"user_id\":1,\"channel_id\":1,\"message\":\"abc\",\"full_name\":\"Ho\\u00e0ng V\\u0103n\",\"created_at\":\"2022-06-06T13:11:27.000000Z\",\"updated_at\":\"2022-06-06T13:11:27.000000Z\"},{\"id\":22,\"user_id\":2,\"channel_id\":1,\"message\":\"abc\",\"full_name\":\"Crush\",\"created_at\":\"2022-06-10T13:36:58.000000Z\",\"updated_at\":\"2022-06-10T13:36:58.000000Z\"},{\"id\":23,\"user_id\":2,\"channel_id\":1,\"message\":\"abc\",\"full_name\":\"Crush\",\"created_at\":\"2022-06-10T13:37:32.000000Z\",\"updated_at\":\"2022-06-10T13:37:32.000000Z\"},{\"id\":24,\"user_id\":2,\"channel_id\":1,\"message\":\"ok\",\"full_name\":\"Crush\",\"created_at\":\"2022-06-10T13:38:05.000000Z\",\"updated_at\":\"2022-06-10T13:38:05.000000Z\"},{\"id\":25,\"user_id\":2,\"channel_id\":1,\"message\":\"cc\",\"full_name\":\"Crush\",\"created_at\":\"2022-06-10T13:38:10.000000Z\",\"updated_at\":\"2022-06-10T13:38:10.000000Z\"},{\"id\":26,\"user_id\":2,\"channel_id\":1,\"message\":\"abc\",\"full_name\":\"Crush\",\"created_at\":\"2022-06-10T13:41:33.000000Z\",\"updated_at\":\"2022-06-10T13:41:33.000000Z\"},{\"id\":27,\"user_id\":2,\"channel_id\":1,\"message\":\"a\",\"full_name\":\"Crush\",\"created_at\":\"2022-06-10T13:43:31.000000Z\",\"updated_at\":\"2022-06-10T13:43:31.000000Z\"},{\"id\":28,\"user_id\":2,\"channel_id\":1,\"message\":\"q\",\"full_name\":\"Crush\",\"created_at\":\"2022-06-11T03:09:53.000000Z\",\"updated_at\":\"2022-06-11T03:09:53.000000Z\"},{\"id\":29,\"user_id\":2,\"channel_id\":1,\"message\":\"b\",\"full_name\":\"Crush\",\"created_at\":\"2022-06-11T03:10:03.000000Z\",\"updated_at\":\"2022-06-11T03:10:03.000000Z\"}]"}
testapp: connection id 70946859.810960526 received message: {"event":"pusher:ping","data":{}}.
Connection id 70946859.810960526 sending message {"event":"pusher:pong"}
testapp: connection id 70946859.810960526 received message: {"event":"pusher:ping","data":{}}.
Connection id 70946859.810960526 sending message {"event":"pusher:pong"}
testapp: connection id 70946859.810960526 received message: {"event":"pusher:ping","data":{}}.
Connection id 70946859.810960526 sending message {"event":"pusher:pong"}
testapp: connection id 70946859.810960526 received message: {"event":"pusher:ping","data":{}}.
Connection id 70946859.810960526 sending message {"event":"pusher:pong"}
testapp: connection id 70946859.810960526 received message: {"event":"pusher:ping","data":{}}.
Connection id 70946859.810960526 sending message {"event":"pusher:pong"}
testapp: connection id 70946859.810960526 received message: {"event":"pusher:ping","data":{}}.
Connection id 70946859.810960526 sending message {"event":"pusher:pong"}
Starting the WebSocket server on port 6001...
Starting the WebSocket server on port 6001...
Starting the WebSocket server on port 6001...
New connection opened for app key websocketkey.
Connection id 196913499.859385618 sending message {"event":"pusher:connection_established","data":"{\"socket_id\":\"196913499.859385618\",\"activity_timeout\":30}"}
testapp: connection id 196913499.859385618 received message: {"event":"pusher:ping","data":{}}.
Connection id 196913499.859385618 sending message {"event":"pusher:pong"}
testapp: connection id 196913499.859385618 received message: {"event":"pusher:ping","data":{}}.
Connection id 196913499.859385618 sending message {"event":"pusher:pong"}
testapp: connection id 196913499.859385618 received message: {"event":"pusher:ping","data":{}}.
Connection id 196913499.859385618 sending message {"event":"pusher:pong"}
Starting the WebSocket server on port 6001...
Starting the WebSocket server on port 6001...
Starting the WebSocket server on port 6001...
Starting the WebSocket server on port 6001...
Starting the WebSocket server on port 6001...
Starting the WebSocket server on port 6001...
Starting the WebSocket server on port 6001...
Starting the WebSocket server on port 6001...
Starting the WebSocket server on port 6001...
Starting the WebSocket server on port 6001...
